[32minfo[39m: 📧 Serviço de email configurado com sucesso {"service":"betforbes-backend","timestamp":"2025-07-03 21:30:39"}
[32minfo[39m: Conectado ao banco de dados {"service":"betforbes-backend","timestamp":"2025-07-03 21:30:40"}
node:events:502
      throw er; // Unhandled 'error' event
      ^

Error: listen EADDRINUSE: address already in use :::3001
    at Server.setupListenHandle [as _listen2] (node:net:1908:16)
    at listenInCluster (node:net:1965:12)
    at Server.listen (node:net:2067:7)
    at Function.listen (/root/betforbes-repo/backend/node_modules/express/lib/application.js:635:24)
    at startServer (/root/betforbes-repo/backend/src/index.ts:103:9)
Emitted 'error' event on Server instance at:
    at emitErrorNT (node:net:1944:8)
    at process.processTicksAndRejections (node:internal/process/task_queues:82:21) {
  code: 'EADDRINUSE',
  errno: -98,
  syscall: 'listen',
  address: '::',
  port: 3001
}

Node.js v20.19.3
